<?xml version="1.0" encoding="UTF-8"?>
<testsuite name="РЈРґР°Р»РµРЅРёРµ pet" tests="1" skipped="0" failures="0" errors="0" timestamp="2024-02-20T17:12:33" hostname="HIDEKI" time="3.82">
  <properties/>
  <testcase name="РЈРґР°Р»РµРЅРёРµ СЋР·РµСЂР°" classname="io.swagger.petstore.testing.user.DeleteUserTest" time="3.82"/>
  <system-out><![CDATA[Request method:	POST
Request URI:	https://petstore.swagger.io/v2/user
Proxy:			<none>
Request params:	<none>
Query params:	<none>
Form params:	<none>
Path params:	<none>
Headers:		api_key=1234
				Accept=*/*
				Content-Type=application/json; charset=UTF-8
Cookies:		<none>
Multiparts:		<none>
Body:
{
    "id": 9026860,
    "username": "XWdKtzgwjfASiaHCzWphXeQUnRTrQz",
    "firstName": "hrvfrccfujHTYHpKXxfiEMTUWHzEUO",
    "lastName": "tZwFAaPwzafXNdJNCgBWzAkfvXseeR",
    "email": "mail0675@gmail.com",
    "password": "NYSdikqhakQVadCoKPYoiHncppzojD",
    "phone": "apcULegZCiucLJdKuEKlcdFPJiSUGa",
    "userStatus": 4666293
}
Request method:	DELETE
Request URI:	https://petstore.swagger.io/v2/user/XWdKtzgwjfASiaHCzWphXeQUnRTrQz
Proxy:			<none>
Request params:	<none>
Query params:	<none>
Form params:	<none>
Path params:	<none>
Headers:		api_key=1234
				Accept=*/*
				Content-Type=application/json; charset=UTF-8
Cookies:		<none>
Multiparts:		<none>
Body:			<none>
Request method:	GET
Request URI:	https://petstore.swagger.io/v2/user/XWdKtzgwjfASiaHCzWphXeQUnRTrQz
Proxy:			<none>
Request params:	<none>
Query params:	<none>
Form params:	<none>
Path params:	<none>
Headers:		api_key=1234
				Accept=*/*
				Content-Type=application/json; charset=UTF-8
Cookies:		<none>
Multiparts:		<none>
Body:			<none>
]]></system-out>
  <system-err><![CDATA[]]></system-err>
</testsuite>
